{"total": {"lines":{"total":4007,"covered":45,"skipped":0,"pct":1.12},"statements":{"total":4007,"covered":45,"skipped":0,"pct":1.12},"functions":{"total":16,"covered":1,"skipped":0,"pct":6.25},"branches":{"total":19,"covered":5,"skipped":0,"pct":26.31},"branchesTrue":{"total":0,"covered":0,"skipped":0,"pct":100}}
,"C:\\Users\\BK\\Documents\\PROJET FAIT ET VENDUS\\LOME TRUC BRIQUES\\src\\app\\page.tsx": {"lines":{"total":1048,"covered":0,"skipped":0,"pct":0},"functions":{"total":1,"covered":0,"skipped":0,"pct":0},"statements":{"total":1048,"covered":0,"skipped":0,"pct":0},"branches":{"total":1,"covered":0,"skipped":0,"pct":0}}
,"C:\\Users\\BK\\Documents\\PROJET FAIT ET VENDUS\\LOME TRUC BRIQUES\\src\\app\\admin\\page.tsx": {"lines":{"total":481,"covered":0,"skipped":0,"pct":0},"functions":{"total":1,"covered":0,"skipped":0,"pct":0},"statements":{"total":481,"covered":0,"skipped":0,"pct":0},"branches":{"total":1,"covered":0,"skipped":0,"pct":0}}
,"C:\\Users\\BK\\Documents\\PROJET FAIT ET VENDUS\\LOME TRUC BRIQUES\\src\\app\\admin\\login\\page.tsx": {"lines":{"total":132,"covered":0,"skipped":0,"pct":0},"functions":{"total":1,"covered":0,"skipped":0,"pct":0},"statements":{"total":132,"covered":0,"skipped":0,"pct":0},"branches":{"total":1,"covered":0,"skipped":0,"pct":0}}
,"C:\\Users\\BK\\Documents\\PROJET FAIT ET VENDUS\\LOME TRUC BRIQUES\\src\\app\\apropos\\page.tsx": {"lines":{"total":653,"covered":0,"skipped":0,"pct":0},"functions":{"total":1,"covered":0,"skipped":0,"pct":0},"statements":{"total":653,"covered":0,"skipped":0,"pct":0},"branches":{"total":1,"covered":0,"skipped":0,"pct":0}}
,"C:\\Users\\BK\\Documents\\PROJET FAIT ET VENDUS\\LOME TRUC BRIQUES\\src\\app\\contact\\page.tsx": {"lines":{"total":344,"covered":0,"skipped":0,"pct":0},"functions":{"total":1,"covered":0,"skipped":0,"pct":0},"statements":{"total":344,"covered":0,"skipped":0,"pct":0},"branches":{"total":1,"covered":0,"skipped":0,"pct":0}}
,"C:\\Users\\BK\\Documents\\PROJET FAIT ET VENDUS\\LOME TRUC BRIQUES\\src\\app\\produits\\page.tsx": {"lines":{"total":437,"covered":0,"skipped":0,"pct":0},"functions":{"total":1,"covered":0,"skipped":0,"pct":0},"statements":{"total":437,"covered":0,"skipped":0,"pct":0},"branches":{"total":1,"covered":0,"skipped":0,"pct":0}}
,"C:\\Users\\BK\\Documents\\PROJET FAIT ET VENDUS\\LOME TRUC BRIQUES\\src\\components\\CountUp.tsx": {"lines":{"total":56,"covered":45,"skipped":0,"pct":80.35},"functions":{"total":2,"covered":1,"skipped":0,"pct":50},"statements":{"total":56,"covered":45,"skipped":0,"pct":80.35},"branches":{"total":5,"covered":5,"skipped":0,"pct":100}}
,"C:\\Users\\BK\\Documents\\PROJET FAIT ET VENDUS\\LOME TRUC BRIQUES\\src\\components\\Footer.tsx": {"lines":{"total":209,"covered":0,"skipped":0,"pct":0},"functions":{"total":1,"covered":0,"skipped":0,"pct":0},"statements":{"total":209,"covered":0,"skipped":0,"pct":0},"branches":{"total":1,"covered":0,"skipped":0,"pct":0}}
,"C:\\Users\\BK\\Documents\\PROJET FAIT ET VENDUS\\LOME TRUC BRIQUES\\src\\components\\Navbar.tsx": {"lines":{"total":133,"covered":0,"skipped":0,"pct":0},"functions":{"total":1,"covered":0,"skipped":0,"pct":0},"statements":{"total":133,"covered":0,"skipped":0,"pct":0},"branches":{"total":1,"covered":0,"skipped":0,"pct":0}}
,"C:\\Users\\BK\\Documents\\PROJET FAIT ET VENDUS\\LOME TRUC BRIQUES\\src\\components\\PhoneInput.tsx": {"lines":{"total":131,"covered":0,"skipped":0,"pct":0},"functions":{"total":1,"covered":0,"skipped":0,"pct":0},"statements":{"total":131,"covered":0,"skipped":0,"pct":0},"branches":{"total":1,"covered":0,"skipped":0,"pct":0}}
,"C:\\Users\\BK\\Documents\\PROJET FAIT ET VENDUS\\LOME TRUC BRIQUES\\src\\components\\ScrollReveal.tsx": {"lines":{"total":37,"covered":0,"skipped":0,"pct":0},"functions":{"total":1,"covered":0,"skipped":0,"pct":0},"statements":{"total":37,"covered":0,"skipped":0,"pct":0},"branches":{"total":1,"covered":0,"skipped":0,"pct":0}}
,"C:\\Users\\BK\\Documents\\PROJET FAIT ET VENDUS\\LOME TRUC BRIQUES\\src\\components\\WhatsAppButton.tsx": {"lines":{"total":58,"covered":0,"skipped":0,"pct":0},"functions":{"total":1,"covered":0,"skipped":0,"pct":0},"statements":{"total":58,"covered":0,"skipped":0,"pct":0},"branches":{"total":1,"covered":0,"skipped":0,"pct":0}}
,"C:\\Users\\BK\\Documents\\PROJET FAIT ET VENDUS\\LOME TRUC BRIQUES\\src\\data\\countries.ts": {"lines":{"total":227,"covered":0,"skipped":0,"pct":0},"functions":{"total":1,"covered":0,"skipped":0,"pct":0},"statements":{"total":227,"covered":0,"skipped":0,"pct":0},"branches":{"total":1,"covered":0,"skipped":0,"pct":0}}
,"C:\\Users\\BK\\Documents\\PROJET FAIT ET VENDUS\\LOME TRUC BRIQUES\\src\\lib\\admin-auth.ts": {"lines":{"total":44,"covered":0,"skipped":0,"pct":0},"functions":{"total":1,"covered":0,"skipped":0,"pct":0},"statements":{"total":44,"covered":0,"skipped":0,"pct":0},"branches":{"total":1,"covered":0,"skipped":0,"pct":0}}
,"C:\\Users\\BK\\Documents\\PROJET FAIT ET VENDUS\\LOME TRUC BRIQUES\\src\\lib\\supabase.ts": {"lines":{"total":17,"covered":0,"skipped":0,"pct":0},"functions":{"total":1,"covered":0,"skipped":0,"pct":0},"statements":{"total":17,"covered":0,"skipped":0,"pct":0},"branches":{"total":1,"covered":0,"skipped":0,"pct":0}}
}
